# JRE version: Java(TM) SE Runtime Environment 18.9 (11.0.8+10) (build 11.0.8+10-LTS)
# Java VM: Java HotSpot(TM) 64-Bit Server VM 18.9 (11.0.8+10-LTS, mixed mode, tiered, compressed oops, g1 gc, bsd-amd64)
Heap:
 garbage-first heap   total 131072K, used 65234K [0x0000000780000000, 0x0000000800000000)
  region size 1024K, 16 young (16384K), 6 survivors (6144K)
 Metaspace       used 23841K, capacity 24741K, committed 24960K, reserved 1071104K
  class space    used 2998K, capacity 3379K, committed 3456K, reserved 1048576K
GC Heap History (6 events):
Event: 0.807 GC heap before
{Heap before GC invocations=0 (full 0):
 garbage-first heap   total 131072K, used 14336K [0x0000000780000000, 0x0000000800000000)
  region size 1024K, 14 young (14336K), 0 survivors (0K)
 Metaspace       used 8890K, capacity 9176K, committed 9216K, reserved 1056768K
  class space    used 884K, capacity 1005K, committed 1024K, reserved 1048576K
}
Event: 0.815 GC heap after
{Heap after GC invocations=1 (full 0):
 garbage-first heap   total 131072K, used 1753K [0x0000000780000000, 0x0000000800000000)
  region size 1024K, 2 young (2048K), 2 survivors (2048K)
 Metaspace       used 8890K, capacity 9176K, committed 9216K, reserved 1056768K
  class space    used 884K, capacity 1005K, committed 1024K, reserved 1048576K
}
Event: 26.291 GC heap before
{Heap before GC invocations=1 (full 0):
 garbage-first heap   total 131072K, used 50905K [0x0000000780000000, 0x0000000800000000)
  region size 1024K, 44 young (45056K), 2 survivors (2048K)
 Metaspace       used 20585K, capacity 21217K, committed 21248K, reserved 1067008K
  class space    used 2511K, capacity 2809K, committed 2816K, reserved 1048576K
}
Event: 26.314 GC heap after
{Heap after GC invocations=2 (full 0):
 garbage-first heap   total 131072K, used 15547K [0x0000000780000000, 0x0000000800000000)
  region size 1024K, 8 young (8192K), 8 survivors (8192K)
 Metaspace       used 20585K, capacity 21217K, committed 21248K, reserved 1067008K
  class space    used 2511K, capacity 2809K, committed 2816K, reserved 1048576K
}
Event: 29.939 GC heap before
{Heap before GC invocations=3 (full 0):
 garbage-first heap   total 131072K, used 87227K [0x0000000780000000, 0x0000000800000000)
  region size 1024K, 31 young (31744K), 8 survivors (8192K)
 Metaspace       used 23613K, capacity 24476K, committed 24704K, reserved 1071104K
  class space    used 2998K, capacity 3379K, committed 3456K, reserved 1048576K
}
Event: 29.973 GC heap after
{Heap after GC invocations=4 (full 0):
 garbage-first heap   total 131072K, used 19154K [0x0000000780000000, 0x0000000800000000)
  region size 1024K, 6 young (6144K), 6 survivors (6144K)
 Metaspace       used 23613K, capacity 24476K, committed 24704K, reserved 1071104K
  class space    used 2998K, capacity 3379K, committed 3456K, reserved 1048576K
}

